<?xml version="1.0" encoding="UTF-8"?>
<!-- Generated by org.testng.reporters.JUnitXMLReporter -->
<testsuite ignored="0" hostname="Dharanidhar-PC" failures="1" tests="4" name="ErrorValidation" time="14.294" errors="0" timestamp="2025-05-04T12:03:17 IST">
  <testcase classname="dharani.test.ErrorValidationsTest" name="LoginErrorValidation" time="0.566">
    <skipped/>
  </testcase> <!-- LoginErrorValidation -->
  <testcase classname="dharani.test.ErrorValidationsTest" name="LoginErrorValidation" time="0.43">
    <skipped/>
  </testcase> <!-- LoginErrorValidation -->
  <testcase classname="dharani.test.ErrorValidationsTest" name="LoginErrorValidation" time="0.394">
    <failure type="java.lang.AssertionError" message="expected [Incorrect email or password.] but found [Incorrect email or password.1]">
      <![CDATA[java.lang.AssertionError: expected [Incorrect email or password.] but found [Incorrect email or password.1]
at dharani.test.ErrorValidationsTest.LoginErrorValidation(ErrorValidationsTest.java:27)
at java.base/java.util.ArrayList.forEach(ArrayList.java:1596)
at java.base/java.util.concurrent.FutureTask.run(FutureTask.java:317)
at java.base/java.util.concurrent.ThreadPoolExecutor.runWorker(ThreadPoolExecutor.java:1144)
at java.base/java.util.concurrent.ThreadPoolExecutor$Worker.run(ThreadPoolExecutor.java:642)
at java.base/java.lang.Thread.run(Thread.java:1583)
... Removed 21 stack frames]]>
    </failure>
  </testcase> <!-- LoginErrorValidation -->
  <testcase classname="dharani.test.ErrorValidationsTest" name="ProductErrorValation" time="3.013"/>
</testsuite> <!-- ErrorValidation -->
