<?xml version="1.0" encoding="UTF-8"?>
<!-- Generated by org.testng.reporters.JUnitXMLReporter -->
<testsuite ignored="0" hostname="Dharanidhar-PC" failures="0" tests="3" name="Test" time="14.149" errors="0" timestamp="2025-04-19T11:04:12 IST">
  <testcase classname="dharani.test.ErrorValidations" name="LodinErrorValidation" time="0.605"/>
  <testcase classname="dharani.test.ErrorValidations" name="ProductErrorValation" time="3.035"/>
  <testcase classname="dharani.test.StandAloneTest" name="SubmitOrder" time="4.574"/>
</testsuite> <!-- Test -->
