<?xml version="1.0" encoding="UTF-8"?>
<!-- Generated by org.testng.reporters.JUnitXMLReporter -->
<testsuite ignored="0" hostname="Dharanidhar-PC" failures="0" tests="4" name="StandAloneTest" time="26.86" errors="0" timestamp="2025-05-11T14:51:27 IST">
  <testcase classname="dharani.test.StandAloneTest" name="SubmitOrder" time="5.776"/>
  <testcase classname="dharani.test.StandAloneTest" name="SubmitOrder" time="5.611"/>
  <testcase classname="dharani.test.StandAloneTest" name="OrderHistoryTest" time="0.847"/>
  <testcase classname="dharani.test.StandAloneTest" name="OrderHistoryTest" time="0.675"/>
</testsuite> <!-- StandAloneTest -->
