<?xml version="1.0" encoding="UTF-8"?>
<!-- Generated by org.testng.reporters.JUnitXMLReporter -->
<testsuite ignored="1" hostname="Dharanidhar-PC" failures="0" tests="2" name="SubmitOrder" time="20.246" errors="0" timestamp="2025-05-04T20:30:30 IST">
  <testcase classname="dharani.test.StandAloneTest" name="SubmitOrder" time="5.337"/>
  <testcase classname="dharani.test.StandAloneTest" name="SubmitOrder" time="4.958"/>
  <testcase classname="dharani.test.StandAloneTest" name="OrderHistoryTest" time="0.0">
    <ignored/>
  </testcase> <!-- OrderHistoryTest -->
</testsuite> <!-- SubmitOrder -->
