<?xml version="1.0" encoding="UTF-8"?>
<testng-results ignored="0" total="6" passed="6" failed="0" skipped="0">
  <reporter-output>
  </reporter-output>
  <suite started-at="2025-05-11T14:51:00 IST" name="Suite" finished-at="2025-05-11T14:51:27 IST" duration-ms="26860">
    <groups>
      <group name="Purchase">
        <method signature="StandAloneTest.SubmitOrder(java.util.HashMap)[pri:0, instance:dharani.test.StandAloneTest@431cd9b2]" name="SubmitOrder" class="dharani.test.StandAloneTest"/>
      </group> <!-- Purchase -->
      <group name="Error">
        <method signature="ErrorValidationsTest.LoginErrorValidation()[pri:0, instance:dharani.test.ErrorValidationsTest@2235eaab]" name="LoginErrorValidation" class="dharani.test.ErrorValidationsTest"/>
      </group> <!-- Error -->
    </groups>
    <test started-at="2025-05-11T14:51:00 IST" name="ErrorValidation" finished-at="2025-05-11T14:51:12 IST" duration-ms="12057">
      <class name="dharani.test.ErrorValidationsTest">
        <test-method is-config="true" signature="LaunchApplication()[pri:0, instance:dharani.test.ErrorValidationsTest@2235eaab]" started-at="2025-05-11T14:51:00 IST" name="LaunchApplication" finished-at="2025-05-11T14:51:04 IST" duration-ms="4435" status="PASS">
          <reporter-output>
          </reporter-output>
        </test-method> <!-- LaunchApplication -->
        <test-method signature="LoginErrorValidation()[pri:0, instance:dharani.test.ErrorValidationsTest@2235eaab]" started-at="2025-05-11T14:51:04 IST" name="LoginErrorValidation" finished-at="2025-05-11T14:51:05 IST" duration-ms="672" status="PASS">
          <reporter-output>
          </reporter-output>
        </test-method> <!-- LoginErrorValidation -->
        <test-method is-config="true" signature="Close_Browser()[pri:0, instance:dharani.test.ErrorValidationsTest@2235eaab]" started-at="2025-05-11T14:51:05 IST" name="Close_Browser" finished-at="2025-05-11T14:51:05 IST" duration-ms="95" status="PASS">
          <reporter-output>
          </reporter-output>
        </test-method> <!-- Close_Browser -->
        <test-method is-config="true" signature="LaunchApplication()[pri:0, instance:dharani.test.ErrorValidationsTest@2235eaab]" started-at="2025-05-11T14:51:05 IST" name="LaunchApplication" finished-at="2025-05-11T14:51:08 IST" duration-ms="3251" status="PASS">
          <reporter-output>
          </reporter-output>
        </test-method> <!-- LaunchApplication -->
        <test-method signature="ProductErrorValation()[pri:0, instance:dharani.test.ErrorValidationsTest@2235eaab]" started-at="2025-05-11T14:51:08 IST" name="ProductErrorValation" finished-at="2025-05-11T14:51:12 IST" duration-ms="3429" status="PASS">
          <reporter-output>
          </reporter-output>
        </test-method> <!-- ProductErrorValation -->
        <test-method is-config="true" signature="Close_Browser()[pri:0, instance:dharani.test.ErrorValidationsTest@2235eaab]" started-at="2025-05-11T14:51:12 IST" name="Close_Browser" finished-at="2025-05-11T14:51:12 IST" duration-ms="108" status="PASS">
          <reporter-output>
          </reporter-output>
        </test-method> <!-- Close_Browser -->
      </class> <!-- dharani.test.ErrorValidationsTest -->
    </test> <!-- ErrorValidation -->
    <test started-at="2025-05-11T14:51:00 IST" name="StandAloneTest" finished-at="2025-05-11T14:51:27 IST" duration-ms="26860">
      <class name="dharani.test.StandAloneTest">
        <test-method is-config="true" signature="LaunchApplication()[pri:0, instance:dharani.test.StandAloneTest@431cd9b2]" started-at="2025-05-11T14:51:00 IST" name="LaunchApplication" finished-at="2025-05-11T14:51:04 IST" duration-ms="4192" status="PASS">
          <reporter-output>
          </reporter-output>
        </test-method> <!-- LaunchApplication -->
        <test-method signature="SubmitOrder(java.util.HashMap)[pri:0, instance:dharani.test.StandAloneTest@431cd9b2]" started-at="2025-05-11T14:51:04 IST" name="SubmitOrder" data-provider="GetData" finished-at="2025-05-11T14:51:10 IST" duration-ms="5776" status="PASS">
          <params>
            <param index="0">
              <value>
                <![CDATA[{item=ADIDAS ORIGINAL, email=dharanidhar220@gmail.com, Password=Ilovecricket@123}]]>
              </value>
            </param>
          </params>
          <reporter-output>
          </reporter-output>
        </test-method> <!-- SubmitOrder -->
        <test-method is-config="true" signature="Close_Browser()[pri:0, instance:dharani.test.StandAloneTest@431cd9b2]" started-at="2025-05-11T14:51:10 IST" name="Close_Browser" finished-at="2025-05-11T14:51:10 IST" duration-ms="135" status="PASS">
          <reporter-output>
          </reporter-output>
        </test-method> <!-- Close_Browser -->
        <test-method is-config="true" signature="LaunchApplication()[pri:0, instance:dharani.test.StandAloneTest@431cd9b2]" started-at="2025-05-11T14:51:10 IST" name="LaunchApplication" finished-at="2025-05-11T14:51:13 IST" duration-ms="2865" status="PASS">
          <reporter-output>
          </reporter-output>
        </test-method> <!-- LaunchApplication -->
        <test-method signature="SubmitOrder(java.util.HashMap)[pri:0, instance:dharani.test.StandAloneTest@431cd9b2]" started-at="2025-05-11T14:51:13 IST" name="SubmitOrder" data-provider="GetData" finished-at="2025-05-11T14:51:19 IST" duration-ms="5611" status="PASS">
          <params>
            <param index="0">
              <value>
                <![CDATA[{item=ZARA COAT 3, email=dharanidhar2211@gmail.com, Password=Ilovecricket@123}]]>
              </value>
            </param>
          </params>
          <reporter-output>
          </reporter-output>
        </test-method> <!-- SubmitOrder -->
        <test-method is-config="true" signature="Close_Browser()[pri:0, instance:dharani.test.StandAloneTest@431cd9b2]" started-at="2025-05-11T14:51:19 IST" name="Close_Browser" finished-at="2025-05-11T14:51:19 IST" duration-ms="183" status="PASS">
          <reporter-output>
          </reporter-output>
        </test-method> <!-- Close_Browser -->
        <test-method is-config="true" signature="LaunchApplication()[pri:0, instance:dharani.test.StandAloneTest@431cd9b2]" started-at="2025-05-11T14:51:19 IST" name="LaunchApplication" finished-at="2025-05-11T14:51:22 IST" duration-ms="3113" status="PASS">
          <reporter-output>
          </reporter-output>
        </test-method> <!-- LaunchApplication -->
        <test-method signature="OrderHistoryTest(java.util.HashMap)[pri:0, instance:dharani.test.StandAloneTest@431cd9b2]" started-at="2025-05-11T14:51:22 IST" name="OrderHistoryTest" data-provider="GetData" finished-at="2025-05-11T14:51:23 IST" depends-on-methods="dharani.test.StandAloneTest.SubmitOrder" duration-ms="847" status="PASS">
          <params>
            <param index="0">
              <value>
                <![CDATA[{item=ADIDAS ORIGINAL, email=dharanidhar220@gmail.com, Password=Ilovecricket@123}]]>
              </value>
            </param>
          </params>
          <reporter-output>
          </reporter-output>
        </test-method> <!-- OrderHistoryTest -->
        <test-method is-config="true" signature="Close_Browser()[pri:0, instance:dharani.test.StandAloneTest@431cd9b2]" started-at="2025-05-11T14:51:23 IST" name="Close_Browser" finished-at="2025-05-11T14:51:23 IST" duration-ms="107" status="PASS">
          <reporter-output>
          </reporter-output>
        </test-method> <!-- Close_Browser -->
        <test-method is-config="true" signature="LaunchApplication()[pri:0, instance:dharani.test.StandAloneTest@431cd9b2]" started-at="2025-05-11T14:51:23 IST" name="LaunchApplication" finished-at="2025-05-11T14:51:26 IST" duration-ms="2929" status="PASS">
          <reporter-output>
          </reporter-output>
        </test-method> <!-- LaunchApplication -->
        <test-method signature="OrderHistoryTest(java.util.HashMap)[pri:0, instance:dharani.test.StandAloneTest@431cd9b2]" started-at="2025-05-11T14:51:26 IST" name="OrderHistoryTest" data-provider="GetData" finished-at="2025-05-11T14:51:27 IST" depends-on-methods="dharani.test.StandAloneTest.SubmitOrder" duration-ms="675" status="PASS">
          <params>
            <param index="0">
              <value>
                <![CDATA[{item=ZARA COAT 3, email=dharanidhar2211@gmail.com, Password=Ilovecricket@123}]]>
              </value>
            </param>
          </params>
          <reporter-output>
          </reporter-output>
        </test-method> <!-- OrderHistoryTest -->
        <test-method is-config="true" signature="Close_Browser()[pri:0, instance:dharani.test.StandAloneTest@431cd9b2]" started-at="2025-05-11T14:51:27 IST" name="Close_Browser" finished-at="2025-05-11T14:51:27 IST" duration-ms="109" status="PASS">
          <reporter-output>
          </reporter-output>
        </test-method> <!-- Close_Browser -->
      </class> <!-- dharani.test.StandAloneTest -->
    </test> <!-- StandAloneTest -->
  </suite> <!-- Suite -->
</testng-results>
